# JRE version: Java(TM) SE Runtime Environment (21.0.10+8) (build 21.0.10+8-LTS-217)
# Java VM: Java HotSpot(TM) 64-Bit Server VM (21.0.10+8-LTS-217, mixed mode, sharing, tiered, compressed oops, compressed class ptrs, g1 gc, windows-amd64)
GC Precious Log:
 CardTable entry size: 512
 Card Set container configuration: InlinePtr #cards 5 size 8 Array Of Cards #cards 12 size 40 Howl #buckets 4 coarsen threshold 1843 Howl Bitmap #cards 512 size 80 coarsen threshold 460 Card regions per heap region 1 cards per card region 2048
 CPUs: 4 total, 4 available
 Memory: 3863M
 Large Page Support: Disabled
 NUMA Support: Disabled
 Compressed Oops: Enabled (32-bit)
 Heap Region Size: 1M
 Heap Min Capacity: 8M
 Heap Initial Capacity: 62M
 Heap Max Capacity: 966M
 Pre-touch: Disabled
 Parallel Workers: 4
 Concurrent Workers: 1
 Concurrent Refinement Workers: 4
 Periodic GC: Disabled
Heap:
 garbage-first heap   total 55296K, used 30346K [0x00000000c3a00000, 0x0000000100000000)
  region size 1024K, 18 young (18432K), 4 survivors (4096K)
 Metaspace       used 26953K, committed 27328K, reserved 1114112K
  class space    used 3424K, committed 3584K, reserved 1048576K
GC Heap History (12 events):
Event: 1.257 GC heap before
{Heap before GC invocations=0 (full 0):
 garbage-first heap   total 63488K, used 14336K [0x00000000c3a00000, 0x0000000100000000)
  region size 1024K, 13 young (13312K), 0 survivors (0K)
 Metaspace       used 2871K, committed 3008K, reserved 1114112K
  class space    used 282K, committed 320K, reserved 1048576K
}
Event: 1.265 GC heap after
{Heap after GC invocations=1 (full 0):
 garbage-first heap   total 63488K, used 7296K [0x00000000c3a00000, 0x0000000100000000)
  region size 1024K, 2 young (2048K), 2 survivors (2048K)
 Metaspace       used 2871K, committed 3008K, reserved 1114112K
  class space    used 282K, committed 320K, reserved 1048576K
}
Event: 1.914 GC heap before
{Heap before GC invocations=1 (full 0):
 garbage-first heap   total 63488K, used 20608K [0x00000000c3a00000, 0x0000000100000000)
  region size 1024K, 15 young (15360K), 2 survivors (2048K)
 Metaspace       used 6293K, committed 6528K, reserved 1114112K
  class space    used 715K, committed 832K, reserved 1048576K
}
Event: 1.917 GC heap after
{Heap after GC invocations=2 (full 0):
 garbage-first heap   total 63488K, used 8358K [0x00000000c3a00000, 0x0000000100000000)
  region size 1024K, 1 young (1024K), 1 survivors (1024K)
 Metaspace       used 6293K, committed 6528K, reserved 1114112K
  class space    used 715K, committed 832K, reserved 1048576K
}
Event: 3.344 GC heap before
{Heap before GC invocations=2 (full 0):
 garbage-first heap   total 63488K, used 34982K [0x00000000c3a00000, 0x0000000100000000)
  region size 1024K, 28 young (28672K), 1 survivors (1024K)
 Metaspace       used 13335K, committed 13696K, reserved 1114112K
  class space    used 1773K, committed 1920K, reserved 1048576K
}
Event: 3.349 GC heap after
{Heap after GC invocations=3 (full 0):
 garbage-first heap   total 63488K, used 10764K [0x00000000c3a00000, 0x0000000100000000)
  region size 1024K, 4 young (4096K), 4 survivors (4096K)
 Metaspace       used 13335K, committed 13696K, reserved 1114112K
  class space    used 1773K, committed 1920K, reserved 1048576K
}
Event: 3.886 GC heap before
{Heap before GC invocations=3 (full 0):
 garbage-first heap   total 63488K, used 42508K [0x00000000c3a00000, 0x0000000100000000)
  region size 1024K, 36 young (36864K), 4 survivors (4096K)
 Metaspace       used 20638K, committed 20992K, reserved 1114112K
  class space    used 2591K, committed 2752K, reserved 1048576K
}
Event: 3.892 GC heap after
{Heap after GC invocations=4 (full 0):
 garbage-first heap   total 63488K, used 13413K [0x00000000c3a00000, 0x0000000100000000)
  region size 1024K, 5 young (5120K), 5 survivors (5120K)
 Metaspace       used 20638K, committed 20992K, reserved 1114112K
  class space    used 2591K, committed 2752K, reserved 1048576K
}
Event: 3.942 GC heap before
{Heap before GC invocations=4 (full 0):
 garbage-first heap   total 63488K, used 15461K [0x00000000c3a00000, 0x0000000100000000)
  region size 1024K, 8 young (8192K), 5 survivors (5120K)
 Metaspace       used 21112K, committed 21504K, reserved 1114112K
  class space    used 2668K, committed 2880K, reserved 1048576K
}
Event: 3.949 GC heap after
{Heap after GC invocations=5 (full 0):
 garbage-first heap   total 63488K, used 14303K [0x00000000c3a00000, 0x0000000100000000)
  region size 1024K, 1 young (1024K), 1 survivors (1024K)
 Metaspace       used 21112K, committed 21504K, reserved 1114112K
  class space    used 2668K, committed 2880K, reserved 1048576K
}
Event: 5.217 GC heap before
{Heap before GC invocations=6 (full 0):
 garbage-first heap   total 55296K, used 46047K [0x00000000c3a00000, 0x0000000100000000)
  region size 1024K, 32 young (32768K), 1 survivors (1024K)
 Metaspace       used 25227K, committed 25664K, reserved 1114112K
  class space    used 3168K, committed 3328K, reserved 1048576K
}
Event: 5.221 GC heap after
{Heap after GC invocations=7 (full 0):
 garbage-first heap   total 55296K, used 17034K [0x00000000c3a00000, 0x0000000100000000)
  region size 1024K, 4 young (4096K), 4 survivors (4096K)
 Metaspace       used 25227K, committed 25664K, reserved 1114112K
  class space    used 3168K, committed 3328K, reserved 1048576K
}

