# JRE version: Java(TM) SE Runtime Environment (21.0.10+8) (build 21.0.10+8-LTS-217)
# Java VM: Java HotSpot(TM) 64-Bit Server VM (21.0.10+8-LTS-217, mixed mode, sharing, tiered, compressed oops, compressed class ptrs, g1 gc, windows-amd64)
GC Precious Log:
 CardTable entry size: 512
 Card Set container configuration: InlinePtr #cards 5 size 8 Array Of Cards #cards 12 size 40 Howl #buckets 4 coarsen threshold 1843 Howl Bitmap #cards 512 size 80 coarsen threshold 460 Card regions per heap region 1 cards per card region 2048
 CPUs: 4 total, 4 available
 Memory: 3863M
 Large Page Support: Disabled
 NUMA Support: Disabled
 Compressed Oops: Enabled (32-bit)
 Heap Region Size: 1M
 Heap Min Capacity: 8M
 Heap Initial Capacity: 62M
 Heap Max Capacity: 966M
 Pre-touch: Disabled
 Parallel Workers: 4
 Concurrent Workers: 1
 Concurrent Refinement Workers: 4
 Periodic GC: Disabled
Heap:
 garbage-first heap   total 65536K, used 52057K [0x00000000c3a00000, 0x0000000100000000)
  region size 1024K, 19 young (19456K), 3 survivors (3072K)
 Metaspace       used 79547K, committed 80320K, reserved 1179648K
  class space    used 10749K, committed 11072K, reserved 1048576K
GC Heap History (20 events):
Event: 11.967 GC heap before
{Heap before GC invocations=12 (full 0):
 garbage-first heap   total 55296K, used 47041K [0x00000000c3a00000, 0x0000000100000000)
  region size 1024K, 25 young (25600K), 2 survivors (2048K)
 Metaspace       used 50433K, committed 51008K, reserved 1114112K
  class space    used 6464K, committed 6720K, reserved 1048576K
}
Event: 11.972 GC heap after
{Heap after GC invocations=13 (full 0):
 garbage-first heap   total 55296K, used 26362K [0x00000000c3a00000, 0x0000000100000000)
  region size 1024K, 4 young (4096K), 4 survivors (4096K)
 Metaspace       used 50433K, committed 51008K, reserved 1114112K
  class space    used 6464K, committed 6720K, reserved 1048576K
}
Event: 12.853 GC heap before
{Heap before GC invocations=13 (full 0):
 garbage-first heap   total 55296K, used 44794K [0x00000000c3a00000, 0x0000000100000000)
  region size 1024K, 23 young (23552K), 4 survivors (4096K)
 Metaspace       used 54621K, committed 55232K, reserved 1114112K
  class space    used 6992K, committed 7232K, reserved 1048576K
}
Event: 12.862 GC heap after
{Heap after GC invocations=14 (full 0):
 garbage-first heap   total 55296K, used 27860K [0x00000000c3a00000, 0x0000000100000000)
  region size 1024K, 2 young (2048K), 2 survivors (2048K)
 Metaspace       used 54621K, committed 55232K, reserved 1114112K
  class space    used 6992K, committed 7232K, reserved 1048576K
}
Event: 13.841 GC heap before
{Heap before GC invocations=14 (full 0):
 garbage-first heap   total 55296K, used 47316K [0x00000000c3a00000, 0x0000000100000000)
  region size 1024K, 22 young (22528K), 2 survivors (2048K)
 Metaspace       used 60213K, committed 60800K, reserved 1114112K
  class space    used 7874K, committed 8128K, reserved 1048576K
}
Event: 13.844 GC heap after
{Heap after GC invocations=15 (full 0):
 garbage-first heap   total 55296K, used 28286K [0x00000000c3a00000, 0x0000000100000000)
  region size 1024K, 2 young (2048K), 2 survivors (2048K)
 Metaspace       used 60213K, committed 60800K, reserved 1114112K
  class space    used 7874K, committed 8128K, reserved 1048576K
}
Event: 16.713 GC heap before
{Heap before GC invocations=16 (full 0):
 garbage-first heap   total 55296K, used 47742K [0x00000000c3a00000, 0x0000000100000000)
  region size 1024K, 22 young (22528K), 2 survivors (2048K)
 Metaspace       used 64731K, committed 65408K, reserved 1114112K
  class space    used 8542K, committed 8832K, reserved 1048576K
}
Event: 16.718 GC heap after
{Heap after GC invocations=17 (full 0):
 garbage-first heap   total 55296K, used 29433K [0x00000000c3a00000, 0x0000000100000000)
  region size 1024K, 2 young (2048K), 2 survivors (2048K)
 Metaspace       used 64731K, committed 65408K, reserved 1114112K
  class space    used 8542K, committed 8832K, reserved 1048576K
}
Event: 17.546 GC heap before
{Heap before GC invocations=17 (full 0):
 garbage-first heap   total 55296K, used 47865K [0x00000000c3a00000, 0x0000000100000000)
  region size 1024K, 21 young (21504K), 2 survivors (2048K)
 Metaspace       used 68591K, committed 69312K, reserved 1114112K
  class space    used 9015K, committed 9344K, reserved 1048576K
}
Event: 17.553 GC heap after
{Heap after GC invocations=18 (full 0):
 garbage-first heap   total 55296K, used 31020K [0x00000000c3a00000, 0x0000000100000000)
  region size 1024K, 3 young (3072K), 3 survivors (3072K)
 Metaspace       used 68591K, committed 69312K, reserved 1114112K
  class space    used 9015K, committed 9344K, reserved 1048576K
}
Event: 18.039 GC heap before
{Heap before GC invocations=18 (full 0):
 garbage-first heap   total 55296K, used 47404K [0x00000000c3a00000, 0x0000000100000000)
  region size 1024K, 19 young (19456K), 3 survivors (3072K)
 Metaspace       used 70839K, committed 71552K, reserved 1114112K
  class space    used 9464K, committed 9792K, reserved 1048576K
}
Event: 18.047 GC heap after
{Heap after GC invocations=19 (full 0):
 garbage-first heap   total 55296K, used 32103K [0x00000000c3a00000, 0x0000000100000000)
  region size 1024K, 2 young (2048K), 2 survivors (2048K)
 Metaspace       used 70839K, committed 71552K, reserved 1114112K
  class space    used 9464K, committed 9792K, reserved 1048576K
}
Event: 18.485 GC heap before
{Heap before GC invocations=20 (full 0):
 garbage-first heap   total 58368K, used 46439K [0x00000000c3a00000, 0x0000000100000000)
  region size 1024K, 17 young (17408K), 2 survivors (2048K)
 Metaspace       used 72456K, committed 73216K, reserved 1114112K
  class space    used 9835K, committed 10176K, reserved 1048576K
}
Event: 18.488 GC heap after
{Heap after GC invocations=21 (full 0):
 garbage-first heap   total 58368K, used 33244K [0x00000000c3a00000, 0x0000000100000000)
  region size 1024K, 3 young (3072K), 3 survivors (3072K)
 Metaspace       used 72456K, committed 73216K, reserved 1114112K
  class space    used 9835K, committed 10176K, reserved 1048576K
}
Event: 18.723 GC heap before
{Heap before GC invocations=21 (full 0):
 garbage-first heap   total 58368K, used 48604K [0x00000000c3a00000, 0x0000000100000000)
  region size 1024K, 19 young (19456K), 3 survivors (3072K)
 Metaspace       used 74147K, committed 74944K, reserved 1114112K
  class space    used 10063K, committed 10432K, reserved 1048576K
}
Event: 18.729 GC heap after
{Heap after GC invocations=22 (full 0):
 garbage-first heap   total 58368K, used 33732K [0x00000000c3a00000, 0x0000000100000000)
  region size 1024K, 3 young (3072K), 3 survivors (3072K)
 Metaspace       used 74147K, committed 74944K, reserved 1114112K
  class space    used 10063K, committed 10432K, reserved 1048576K
}
Event: 19.375 GC heap before
{Heap before GC invocations=22 (full 0):
 garbage-first heap   total 58368K, used 50116K [0x00000000c3a00000, 0x0000000100000000)
  region size 1024K, 19 young (19456K), 3 survivors (3072K)
 Metaspace       used 76223K, committed 76992K, reserved 1179648K
  class space    used 10295K, committed 10624K, reserved 1048576K
}
Event: 19.379 GC heap after
{Heap after GC invocations=23 (full 0):
 garbage-first heap   total 58368K, used 35417K [0x00000000c3a00000, 0x0000000100000000)
  region size 1024K, 3 young (3072K), 3 survivors (3072K)
 Metaspace       used 76223K, committed 76992K, reserved 1179648K
  class space    used 10295K, committed 10624K, reserved 1048576K
}
Event: 19.773 GC heap before
{Heap before GC invocations=24 (full 0):
 garbage-first heap   total 65536K, used 49753K [0x00000000c3a00000, 0x0000000100000000)
  region size 1024K, 17 young (17408K), 3 survivors (3072K)
 Metaspace       used 77867K, committed 78656K, reserved 1179648K
  class space    used 10511K, committed 10880K, reserved 1048576K
}
Event: 19.777 GC heap after
{Heap after GC invocations=25 (full 0):
 garbage-first heap   total 65536K, used 36697K [0x00000000c3a00000, 0x0000000100000000)
  region size 1024K, 3 young (3072K), 3 survivors (3072K)
 Metaspace       used 77867K, committed 78656K, reserved 1179648K
  class space    used 10511K, committed 10880K, reserved 1048576K
}

