# JRE version: Java(TM) SE Runtime Environment (21.0.10+8) (build 21.0.10+8-LTS-217)
# Java VM: Java HotSpot(TM) 64-Bit Server VM (21.0.10+8-LTS-217, mixed mode, sharing, tiered, compressed oops, compressed class ptrs, g1 gc, windows-amd64)
GC Precious Log:
 CardTable entry size: 512
 Card Set container configuration: InlinePtr #cards 5 size 8 Array Of Cards #cards 12 size 40 Howl #buckets 4 coarsen threshold 1843 Howl Bitmap #cards 512 size 80 coarsen threshold 460 Card regions per heap region 1 cards per card region 2048
 CPUs: 4 total, 4 available
 Memory: 3863M
 Large Page Support: Disabled
 NUMA Support: Disabled
 Compressed Oops: Enabled (32-bit)
 Heap Region Size: 1M
 Heap Min Capacity: 8M
 Heap Initial Capacity: 62M
 Heap Max Capacity: 966M
 Pre-touch: Disabled
 Parallel Workers: 4
 Concurrent Workers: 1
 Concurrent Refinement Workers: 4
 Periodic GC: Disabled
Heap:
 garbage-first heap   total 75776K, used 61270K [0x00000000c3a00000, 0x0000000100000000)
  region size 1024K, 29 young (29696K), 2 survivors (2048K)
 Metaspace       used 87864K, committed 88576K, reserved 1179648K
  class space    used 11664K, committed 12032K, reserved 1048576K
GC Heap History (20 events):
Event: 63835.171 GC heap before
{Heap before GC invocations=55 (full 0):
 garbage-first heap   total 75776K, used 67336K [0x00000000c3a00000, 0x0000000100000000)
  region size 1024K, 32 young (32768K), 2 survivors (2048K)
 Metaspace       used 87794K, committed 88448K, reserved 1179648K
  class space    used 11662K, committed 12032K, reserved 1048576K
}
Event: 63835.173 GC heap after
{Heap after GC invocations=56 (full 0):
 garbage-first heap   total 75776K, used 36596K [0x00000000c3a00000, 0x0000000100000000)
  region size 1024K, 2 young (2048K), 2 survivors (2048K)
 Metaspace       used 87794K, committed 88448K, reserved 1179648K
  class space    used 11662K, committed 12032K, reserved 1048576K
}
Event: 64128.308 GC heap before
{Heap before GC invocations=56 (full 0):
 garbage-first heap   total 75776K, used 67316K [0x00000000c3a00000, 0x0000000100000000)
  region size 1024K, 32 young (32768K), 2 survivors (2048K)
 Metaspace       used 87801K, committed 88448K, reserved 1179648K
  class space    used 11662K, committed 12032K, reserved 1048576K
}
Event: 64128.314 GC heap after
{Heap after GC invocations=57 (full 0):
 garbage-first heap   total 75776K, used 36205K [0x00000000c3a00000, 0x0000000100000000)
  region size 1024K, 2 young (2048K), 2 survivors (2048K)
 Metaspace       used 87801K, committed 88448K, reserved 1179648K
  class space    used 11662K, committed 12032K, reserved 1048576K
}
Event: 64428.510 GC heap before
{Heap before GC invocations=57 (full 0):
 garbage-first heap   total 75776K, used 66925K [0x00000000c3a00000, 0x0000000100000000)
  region size 1024K, 32 young (32768K), 2 survivors (2048K)
 Metaspace       used 87828K, committed 88512K, reserved 1179648K
  class space    used 11663K, committed 12032K, reserved 1048576K
}
Event: 64428.512 GC heap after
{Heap after GC invocations=58 (full 0):
 garbage-first heap   total 75776K, used 36398K [0x00000000c3a00000, 0x0000000100000000)
  region size 1024K, 2 young (2048K), 2 survivors (2048K)
 Metaspace       used 87828K, committed 88512K, reserved 1179648K
  class space    used 11663K, committed 12032K, reserved 1048576K
}
Event: 64742.556 GC heap before
{Heap before GC invocations=59 (full 0):
 garbage-first heap   total 75776K, used 67118K [0x00000000c3a00000, 0x0000000100000000)
  region size 1024K, 32 young (32768K), 2 survivors (2048K)
 Metaspace       used 87828K, committed 88512K, reserved 1179648K
  class space    used 11663K, committed 12032K, reserved 1048576K
}
Event: 64742.558 GC heap after
{Heap after GC invocations=60 (full 0):
 garbage-first heap   total 75776K, used 36397K [0x00000000c3a00000, 0x0000000100000000)
  region size 1024K, 2 young (2048K), 2 survivors (2048K)
 Metaspace       used 87828K, committed 88512K, reserved 1179648K
  class space    used 11663K, committed 12032K, reserved 1048576K
}
Event: 65057.906 GC heap before
{Heap before GC invocations=60 (full 0):
 garbage-first heap   total 75776K, used 67117K [0x00000000c3a00000, 0x0000000100000000)
  region size 1024K, 32 young (32768K), 2 survivors (2048K)
 Metaspace       used 87831K, committed 88512K, reserved 1179648K
  class space    used 11663K, committed 12032K, reserved 1048576K
}
Event: 65058.024 GC heap after
{Heap after GC invocations=61 (full 0):
 garbage-first heap   total 75776K, used 35879K [0x00000000c3a00000, 0x0000000100000000)
  region size 1024K, 2 young (2048K), 2 survivors (2048K)
 Metaspace       used 87831K, committed 88512K, reserved 1179648K
  class space    used 11663K, committed 12032K, reserved 1048576K
}
Event: 65369.486 GC heap before
{Heap before GC invocations=61 (full 0):
 garbage-first heap   total 75776K, used 67623K [0x00000000c3a00000, 0x0000000100000000)
  region size 1024K, 33 young (33792K), 2 survivors (2048K)
 Metaspace       used 87848K, committed 88576K, reserved 1179648K
  class space    used 11663K, committed 12032K, reserved 1048576K
}
Event: 65369.550 GC heap after
{Heap after GC invocations=62 (full 0):
 garbage-first heap   total 75776K, used 36062K [0x00000000c3a00000, 0x0000000100000000)
  region size 1024K, 2 young (2048K), 2 survivors (2048K)
 Metaspace       used 87848K, committed 88576K, reserved 1179648K
  class space    used 11663K, committed 12032K, reserved 1048576K
}
Event: 65678.917 GC heap before
{Heap before GC invocations=63 (full 0):
 garbage-first heap   total 75776K, used 67806K [0x00000000c3a00000, 0x0000000100000000)
  region size 1024K, 33 young (33792K), 2 survivors (2048K)
 Metaspace       used 87850K, committed 88576K, reserved 1179648K
  class space    used 11663K, committed 12032K, reserved 1048576K
}
Event: 65678.963 GC heap after
{Heap after GC invocations=64 (full 0):
 garbage-first heap   total 75776K, used 35962K [0x00000000c3a00000, 0x0000000100000000)
  region size 1024K, 2 young (2048K), 2 survivors (2048K)
 Metaspace       used 87850K, committed 88576K, reserved 1179648K
  class space    used 11663K, committed 12032K, reserved 1048576K
}
Event: 66000.784 GC heap before
{Heap before GC invocations=64 (full 0):
 garbage-first heap   total 75776K, used 66682K [0x00000000c3a00000, 0x0000000100000000)
  region size 1024K, 32 young (32768K), 2 survivors (2048K)
 Metaspace       used 87856K, committed 88576K, reserved 1179648K
  class space    used 11663K, committed 12032K, reserved 1048576K
}
Event: 66000.881 GC heap after
{Heap after GC invocations=65 (full 0):
 garbage-first heap   total 75776K, used 35656K [0x00000000c3a00000, 0x0000000100000000)
  region size 1024K, 2 young (2048K), 2 survivors (2048K)
 Metaspace       used 87856K, committed 88576K, reserved 1179648K
  class space    used 11663K, committed 12032K, reserved 1048576K
}
Event: 66325.153 GC heap before
{Heap before GC invocations=65 (full 0):
 garbage-first heap   total 75776K, used 67400K [0x00000000c3a00000, 0x0000000100000000)
  region size 1024K, 33 young (33792K), 2 survivors (2048K)
 Metaspace       used 87856K, committed 88576K, reserved 1179648K
  class space    used 11663K, committed 12032K, reserved 1048576K
}
Event: 66325.216 GC heap after
{Heap after GC invocations=66 (full 0):
 garbage-first heap   total 75776K, used 35706K [0x00000000c3a00000, 0x0000000100000000)
  region size 1024K, 2 young (2048K), 2 survivors (2048K)
 Metaspace       used 87856K, committed 88576K, reserved 1179648K
  class space    used 11663K, committed 12032K, reserved 1048576K
}
Event: 66643.698 GC heap before
{Heap before GC invocations=67 (full 0):
 garbage-first heap   total 75776K, used 67450K [0x00000000c3a00000, 0x0000000100000000)
  region size 1024K, 33 young (33792K), 2 survivors (2048K)
 Metaspace       used 87856K, committed 88576K, reserved 1179648K
  class space    used 11663K, committed 12032K, reserved 1048576K
}
Event: 66643.732 GC heap after
{Heap after GC invocations=68 (full 0):
 garbage-first heap   total 75776K, used 35670K [0x00000000c3a00000, 0x0000000100000000)
  region size 1024K, 2 young (2048K), 2 survivors (2048K)
 Metaspace       used 87856K, committed 88576K, reserved 1179648K
  class space    used 11663K, committed 12032K, reserved 1048576K
}

